Block Memory Generator CORE Generator module testbench.dut.dpram_xlx_inst.inst.blk_mem_gen_v4_3_inst is using a behavioral model for simulation which will not precisely model memory collision behavior.
VCD info: dumpfile fifo.dump opened for output.

  Time : w_full (r_valid, dout) (w_counter, r_counter) (r_addr, rbin2) - (rptr-b, rptr-d)
     6 : 0      (0          00)    ( 0            0)   ( 0          0) -   00000       0
    12 : 0      (0          00)    ( 0            0)   ( 0          0) -   00000       0
    18 : 0      (0          00)    ( 1            0)   ( 0          0) -   00000       0
    24 : 0      (0          00)    ( 1            0)   ( 0          0) -   00000       0
    30 : 0      (0          00)    ( 2            0)   ( 0          0) -   00000       0
    36 : 0      (0          00)    ( 3            1)   ( 0          0) -   00000       0
    42 : 0      (1          ff)    ( 3            1)   ( 1          1) -   00001       1
data mismatched at time 42.000 : dout = ff, expected = 00
    48 : 0      (1          ff)    ( 4            1)   ( 1          1) -   00001       1
    54 : 0      (1          ff)    ( 4            2)   ( 1          1) -   00001       1
    60 : 0      (1          ff)    ( 5            2)   ( 1          1) -   00001       1
    66 : 0      (1          ff)    ( 5            3)   ( 1          1) -   00001       1
    72 : 0      (1          ff)    ( 5            4)   ( 1          1) -   00001       1
    78 : 0      (1          ff)    ( 6            4)   ( 1          1) -   00001       1
    84 : 0      (1          ff)    ( 6            5)   ( 1          1) -   00001       1
    90 : 0      (1          ff)    ( 7            5)   ( 1          1) -   00001       1
    96 : 0      (1          ff)    ( 8            6)   ( 1          1) -   00001       1
   102 : 0      (1          ff)    ( 8            7)   ( 1          1) -   00001       1
   108 : 0      (1          ff)    ( 9            7)   ( 1          1) -   00001       1
   114 : 0      (1          ff)    ( 9            8)   ( 1          1) -   00001       1
   120 : 0      (1          ff)    (10            8)   ( 1          1) -   00001       1
   126 : 0      (1          ff)    (11            9)   ( 1          1) -   00001       1
   132 : 0      (1          ff)    (11           10)   ( 1          1) -   00001       1
   138 : 0      (1          ff)    (12           10)   ( 1          1) -   00001       1
   144 : 0      (1          ff)    (12           11)   ( 1          1) -   00001       1
   150 : 0      (1          ff)    (13           11)   ( 1          1) -   00001       1
   156 : 0      (1          ff)    (14           12)   ( 1          1) -   00001       1
   162 : 0      (1          ff)    (14           13)   ( 1          1) -   00001       1
   168 : 0      (1          ff)    (15           13)   ( 1          1) -   00001       1
   174 : 0      (1          ff)    (15           14)   ( 1          1) -   00001       1
   180 : 1      (1          ff)    (16           14)   ( 1          1) -   00001       1
   186 : 1      (1          00)    (16           14)   ( 2          2) -   00011       3
   192 : 1      (1          01)    (16           14)   ( 3          3) -   00010       2
   198 : 1      (1          02)    (16           13)   ( 4          4) -   00110       6
   204 : 1      (1          03)    (16           12)   ( 5          5) -   00111       7
   210 : 0      (1          04)    (15           11)   ( 6          6) -   00101       5
   216 : 0      (1          05)    (15           10)   ( 7          7) -   00100       4
   222 : 0      (1          06)    (15            9)   ( 8          8) -   01100      12
   228 : 0      (1          07)    (14            8)   ( 9          9) -   01101      13
   234 : 0      (1          08)    (14            8)   (10         10) -   01111      15
   240 : 0      (1          09)    (13            7)   (11         11) -   01110      14
   246 : 0      (1          0a)    (13            7)   (12         12) -   01010      10
   252 : 0      (1          0b)    (13            7)   (13         13) -   01011      11
   258 : 0      (1          0c)    (12            6)   (14         14) -   01001       9
   264 : 0      (1          0d)    (12            6)   (15         15) -   01000       8
   270 : 0      (1          0e)    (11            5)   ( 0         16) -   11000      24
   276 : 0      (1          0f)    (11            5)   ( 1         17) -   11001      25
   282 : 0      (1          10)    (11            5)   ( 2         18) -   11011      27
   288 : 0      (1          11)    (10            4)   ( 3         19) -   11010      26
   294 : 0      (1          12)    (10            4)   ( 4         20) -   11110      30
   300 : 0      (1          13)    ( 9            3)   ( 5         21) -   11111      31
   306 : 0      (1          14)    ( 9            3)   ( 6         22) -   11101      29
   312 : 0      (1          15)    ( 9            3)   ( 7         23) -   11100      28
   318 : 0      (1          16)    ( 8            2)   ( 8         24) -   10100      20
   324 : 0      (1          17)    ( 8            2)   ( 9         25) -   10101      21
   330 : 0      (1          18)    ( 7            1)   (10         26) -   10111      23
   336 : 0      (1          19)    ( 7            1)   (11         27) -   10110      22
   342 : 0      (1          1a)    ( 7            1)   (12         28) -   10010      18
   348 : 0      (1          1b)    ( 6            0)   (13         29) -   10011      19
   354 : 0      (0          1b)    ( 6            1)   (13         29) -   10011      19
   360 : 0      (1          1c)    ( 5            0)   (14         30) -   10001      17
   366 : 0      (0          1c)    ( 5            1)   (14         30) -   10001      17
   372 : 0      (1          1d)    ( 5            1)   (15         31) -   10000      16
   378 : 0      (1          1e)    ( 5            0)   ( 0          0) -   00000       0
   384 : 0      (0          1e)    ( 5            1)   ( 0          0) -   00000       0
   390 : 0      (1          1f)    ( 5            0)   ( 1          1) -   00001       1
   396 : 0      (0          1f)    ( 5            1)   ( 1          1) -   00001       1
   402 : 0      (1          20)    ( 5            1)   ( 2          2) -   00011       3
   408 : 0      (1          21)    ( 5            0)   ( 3          3) -   00010       2
   414 : 0      (0          21)    ( 5            1)   ( 3          3) -   00010       2
   420 : 0      (1          22)    ( 5            0)   ( 4          4) -   00110       6
   426 : 0      (0          22)    ( 5            1)   ( 4          4) -   00110       6
   432 : 0      (1          23)    ( 5            1)   ( 5          5) -   00111       7
   438 : 0      (1          24)    ( 5            0)   ( 6          6) -   00101       5
   444 : 0      (0          24)    ( 5            1)   ( 6          6) -   00101       5
   450 : 0      (1          25)    ( 5            0)   ( 7          7) -   00100       4
   456 : 0      (0          25)    ( 5            1)   ( 7          7) -   00100       4
   462 : 0      (1          26)    ( 5            1)   ( 8          8) -   01100      12
   468 : 0      (1          27)    ( 5            0)   ( 9          9) -   01101      13
   474 : 0      (0          27)    ( 5            1)   ( 9          9) -   01101      13
   480 : 0      (1          28)    ( 5            0)   (10         10) -   01111      15
   486 : 0      (0          28)    ( 5            1)   (10         10) -   01111      15
   492 : 0      (1          29)    ( 5            1)   (11         11) -   01110      14
   498 : 0      (1          2a)    ( 5            0)   (12         12) -   01010      10
   504 : 0      (0          2a)    ( 5            1)   (12         12) -   01010      10
   510 : 0      (1          2b)    ( 5            0)   (13         13) -   01011      11
   516 : 0      (0          2b)    ( 5            1)   (13         13) -   01011      11
   522 : 0      (1          2c)    ( 5            1)   (14         14) -   01001       9
   528 : 0      (1          2d)    ( 5            0)   (15         15) -   01000       8
   534 : 0      (0          2d)    ( 5            1)   (15         15) -   01000       8
   540 : 0      (1          2e)    ( 5            0)   ( 0         16) -   11000      24
   546 : 0      (0          2e)    ( 5            1)   ( 0         16) -   11000      24
   552 : 0      (1          2f)    ( 5            1)   ( 1         17) -   11001      25
   558 : 0      (1          30)    ( 5            0)   ( 2         18) -   11011      27
   564 : 0      (0          30)    ( 5            1)   ( 2         18) -   11011      27
   570 : 0      (1          31)    ( 5            0)   ( 3         19) -   11010      26
   576 : 0      (0          31)    ( 5            1)   ( 3         19) -   11010      26
   582 : 0      (1          32)    ( 5            1)   ( 4         20) -   11110      30
   588 : 0      (1          33)    ( 5            0)   ( 5         21) -   11111      31
   594 : 0      (0          33)    ( 5            1)   ( 5         21) -   11111      31
   600 : 0      (1          34)    ( 5            0)   ( 6         22) -   11101      29
   606 : 0      (0          34)    ( 5            1)   ( 6         22) -   11101      29
   612 : 0      (1          35)    ( 5            1)   ( 7         23) -   11100      28
   618 : 0      (1          36)    ( 5            0)   ( 8         24) -   10100      20
   624 : 0      (0          36)    ( 5            1)   ( 8         24) -   10100      20
   630 : 0      (1          37)    ( 5            0)   ( 9         25) -   10101      21
   636 : 0      (0          37)    ( 5            1)   ( 9         25) -   10101      21
   642 : 0      (1          38)    ( 5            1)   (10         26) -   10111      23
   648 : 0      (1          39)    ( 5            0)   (11         27) -   10110      22
   654 : 0      (0          39)    ( 5            1)   (11         27) -   10110      22
   660 : 0      (1          3a)    ( 5            0)   (12         28) -   10010      18
   666 : 0      (0          3a)    ( 5            1)   (12         28) -   10010      18
   672 : 0      (1          3b)    ( 5            1)   (13         29) -   10011      19
   678 : 0      (1          3c)    ( 5            0)   (14         30) -   10001      17
   684 : 0      (0          3c)    ( 5            1)   (14         30) -   10001      17
   690 : 0      (1          3d)    ( 5            0)   (15         31) -   10000      16
   696 : 0      (0          3d)    ( 5            1)   (15         31) -   10000      16
   702 : 0      (1          3e)    ( 5            1)   ( 0          0) -   00000       0
   708 : 0      (1          3f)    ( 5            0)   ( 1          1) -   00001       1
   714 : 0      (0          3f)    ( 5            1)   ( 1          1) -   00001       1
   720 : 0      (1          40)    ( 5            0)   ( 2          2) -   00011       3
