Block Memory Generator CORE Generator module testbench.dut.dpram_xlx_inst.inst.blk_mem_gen_v4_3_inst is using a behavioral model for simulation which will not precisely model memory collision behavior.
VCD info: dumpfile fifo.dump opened for output.

  Time : w_full (r_valid, dout) (w_counter, r_counter) (r_addr, rbin2) - (rptr-b, rptr-d)
     6 : 0      (0          00)    ( 0            0)   ( 0          6) -   00101       5
    12 : 0      (0          00)    ( 0            0)   ( 0          6) -   00101       5
    18 : 0      (0          00)    ( 1            0)   ( 0          6) -   00101       5
    24 : 0      (0          00)    ( 1            0)   ( 0          6) -   00101       5
    30 : 0      (0          00)    ( 2            0)   ( 0          6) -   00101       5
    36 : 0      (0          00)    ( 3            1)   ( 0          6) -   00101       5
    42 : 0      (1          ff)    ( 3            1)   ( 1          7) -   00100       4
data mismatched at time 42.000 : dout = ff, expected = 00
    48 : 0      (1          ff)    ( 4            1)   ( 1          7) -   00100       4
    54 : 0      (1          ff)    ( 4            2)   ( 1          7) -   00100       4
    60 : 0      (1          ff)    ( 5            2)   ( 1          7) -   00100       4
    66 : 0      (1          ff)    ( 5            3)   ( 1          7) -   00100       4
    72 : 0      (1          ff)    ( 5            4)   ( 1          7) -   00100       4
    78 : 0      (1          ff)    ( 6            4)   ( 1          7) -   00100       4
    84 : 0      (1          ff)    ( 6            5)   ( 1          7) -   00100       4
    90 : 0      (1          ff)    ( 7            5)   ( 1          7) -   00100       4
    96 : 0      (1          ff)    ( 8            6)   ( 1          7) -   00100       4
   102 : 0      (1          ff)    ( 8            7)   ( 1          7) -   00100       4
   108 : 0      (1          ff)    ( 9            7)   ( 1          7) -   00100       4
   114 : 0      (1          ff)    ( 9            8)   ( 1          7) -   00100       4
   120 : 1      (1          ff)    (10            8)   ( 1          7) -   00100       4
   126 : 1      (1          00)    (10            8)   ( 2          8) -   01100      12
   132 : 1      (1          01)    (10            8)   ( 3          9) -   01101      13
   138 : 1      (1          02)    (10            7)   ( 4         10) -   01111      15
   144 : 1      (1          03)    (10            6)   ( 5         11) -   01110      14
   150 : 0      (1          04)    ( 9            5)   ( 6         12) -   01010      10
   156 : 0      (1          05)    ( 9            4)   ( 7         13) -   01011      11
   162 : 0      (1          06)    ( 9            3)   ( 8         14) -   01001       9
   168 : 0      (1          07)    ( 8            2)   ( 9         15) -   01000       8
   174 : 0      (1          08)    ( 8            2)   ( 0         16) -   11000      24
   180 : 0      (1          09)    ( 7            1)   ( 1         17) -   11001      25
   186 : 0      (1          0a)    ( 7            1)   ( 2         18) -   11011      27
   192 : 0      (1          0b)    ( 7            1)   ( 3         19) -   11010      26
   198 : 0      (1          0c)    ( 6            0)   ( 4         20) -   11110      30
   204 : 0      (0          0c)    ( 6            1)   ( 4         20) -   11110      30
   210 : 0      (1          0d)    ( 5            0)   ( 5         21) -   11111      31
   216 : 0      (0          0d)    ( 5            1)   ( 5         21) -   11111      31
   222 : 0      (1          0e)    ( 5            1)   ( 6         22) -   11101      29
   228 : 0      (1          0f)    ( 5            0)   ( 7         23) -   11100      28
   234 : 0      (0          0f)    ( 5            1)   ( 7         23) -   11100      28
   240 : 0      (1          10)    ( 5            0)   ( 8         24) -   10100      20
   246 : 0      (0          10)    ( 5            1)   ( 8         24) -   10100      20
   252 : 0      (1          11)    ( 5            1)   ( 9         25) -   10101      21
   258 : 0      (1          12)    ( 5            0)   ( 0          6) -   00101       5
   264 : 0      (0          12)    ( 5            1)   ( 0          6) -   00101       5
   270 : 0      (1          13)    ( 5            0)   ( 1          7) -   00100       4
   276 : 0      (0          13)    ( 5            1)   ( 1          7) -   00100       4
   282 : 0      (1          14)    ( 5            1)   ( 2          8) -   01100      12
   288 : 0      (1          15)    ( 5            0)   ( 3          9) -   01101      13
   294 : 0      (0          15)    ( 5            1)   ( 3          9) -   01101      13
   300 : 0      (1          16)    ( 5            0)   ( 4         10) -   01111      15
   306 : 0      (0          16)    ( 5            1)   ( 4         10) -   01111      15
   312 : 0      (1          17)    ( 5            1)   ( 5         11) -   01110      14
   318 : 0      (1          18)    ( 5            0)   ( 6         12) -   01010      10
   324 : 0      (0          18)    ( 5            1)   ( 6         12) -   01010      10
   330 : 0      (1          19)    ( 5            0)   ( 7         13) -   01011      11
   336 : 0      (0          19)    ( 5            1)   ( 7         13) -   01011      11
   342 : 0      (1          1a)    ( 5            1)   ( 8         14) -   01001       9
   348 : 0      (1          1b)    ( 5            0)   ( 9         15) -   01000       8
   354 : 0      (0          1b)    ( 5            1)   ( 9         15) -   01000       8
   360 : 0      (1          1c)    ( 5            0)   ( 0         16) -   11000      24
   366 : 0      (0          1c)    ( 5            1)   ( 0         16) -   11000      24
   372 : 0      (1          1d)    ( 5            1)   ( 1         17) -   11001      25
   378 : 0      (1          1e)    ( 5            0)   ( 2         18) -   11011      27
   384 : 0      (0          1e)    ( 5            1)   ( 2         18) -   11011      27
   390 : 0      (1          1f)    ( 5            0)   ( 3         19) -   11010      26
   396 : 0      (0          1f)    ( 5            1)   ( 3         19) -   11010      26
   402 : 0      (1          20)    ( 5            1)   ( 4         20) -   11110      30
   408 : 0      (1          21)    ( 5            0)   ( 5         21) -   11111      31
   414 : 0      (0          21)    ( 5            1)   ( 5         21) -   11111      31
   420 : 0      (1          22)    ( 5            0)   ( 6         22) -   11101      29
   426 : 0      (0          22)    ( 5            1)   ( 6         22) -   11101      29
   432 : 0      (1          23)    ( 5            1)   ( 7         23) -   11100      28
   438 : 0      (1          24)    ( 5            0)   ( 8         24) -   10100      20
   444 : 0      (0          24)    ( 5            1)   ( 8         24) -   10100      20
   450 : 0      (1          25)    ( 5            0)   ( 9         25) -   10101      21
   456 : 0      (0          25)    ( 5            1)   ( 9         25) -   10101      21
   462 : 0      (1          26)    ( 5            1)   ( 0          6) -   00101       5
   468 : 0      (1          27)    ( 5            0)   ( 1          7) -   00100       4
   474 : 0      (0          27)    ( 5            1)   ( 1          7) -   00100       4
   480 : 0      (1          28)    ( 5            0)   ( 2          8) -   01100      12
   486 : 0      (0          28)    ( 5            1)   ( 2          8) -   01100      12
   492 : 0      (1          29)    ( 5            1)   ( 3          9) -   01101      13
   498 : 0      (1          2a)    ( 5            0)   ( 4         10) -   01111      15
   504 : 0      (0          2a)    ( 5            1)   ( 4         10) -   01111      15
   510 : 0      (1          2b)    ( 5            0)   ( 5         11) -   01110      14
   516 : 0      (0          2b)    ( 5            1)   ( 5         11) -   01110      14
   522 : 0      (1          2c)    ( 5            1)   ( 6         12) -   01010      10
   528 : 0      (1          2d)    ( 5            0)   ( 7         13) -   01011      11
   534 : 0      (0          2d)    ( 5            1)   ( 7         13) -   01011      11
   540 : 0      (1          2e)    ( 5            0)   ( 8         14) -   01001       9
   546 : 0      (0          2e)    ( 5            1)   ( 8         14) -   01001       9
   552 : 0      (1          2f)    ( 5            1)   ( 9         15) -   01000       8
   558 : 0      (1          30)    ( 5            0)   ( 0         16) -   11000      24
   564 : 0      (0          30)    ( 5            1)   ( 0         16) -   11000      24
   570 : 0      (1          31)    ( 5            0)   ( 1         17) -   11001      25
