Block Memory Generator CORE Generator module testbench.dut.dpram_xlx_inst.inst.blk_mem_gen_v4_3_inst is using a behavioral model for simulation which will not precisely model memory collision behavior.
VCD info: dumpfile fifo.dump opened for output.

  Time : w_full (r_valid, dout) (w_counter, r_counter) (r_addr, rbin2) - (rptr-b, rptr-d)
     6 : 0      (0          00)    ( 0            0)   ( 0          0) -   00000       0
    12 : 0      (0          00)    ( 0            0)   ( 0          0) -   00000       0
    18 : 0      (0          00)    ( 1            0)   ( 0          0) -   00000       0
    24 : 0      (0          00)    ( 1            0)   ( 0          0) -   00000       0
    30 : 0      (0          00)    ( 2            0)   ( 0          0) -   00000       0
    36 : 0      (0          00)    ( 3            1)   ( 0          0) -   00000       0
    42 : 0      (0          00)    ( 3            2)   ( 0          0) -   00000       0
    48 : 0      (0          00)    ( 4            2)   ( 0          0) -   00000       0
    54 : 0      (0          00)    ( 4            3)   ( 0          0) -   00000       0
    60 : 0      (0          00)    ( 5            3)   ( 0          0) -   00000       0
    66 : 0      (0          00)    ( 6            4)   ( 0          0) -   00000       0
    72 : 0      (0          00)    ( 6            5)   ( 0          0) -   00000       0
    78 : 0      (0          00)    ( 7            5)   ( 0          0) -   00000       0
    84 : 0      (0          00)    ( 7            6)   ( 0          0) -   00000       0
    90 : 0      (0          00)    ( 8            6)   ( 0          0) -   00000       0
    96 : 0      (0          00)    ( 9            7)   ( 0          0) -   00000       0
   102 : 0      (0          00)    ( 9            8)   ( 0          0) -   00000       0
   108 : 0      (0          00)    (10            8)   ( 0          0) -   00000       0
   114 : 0      (0          00)    (10            9)   ( 0          0) -   00000       0
   120 : 0      (0          00)    (11            9)   ( 0          0) -   00000       0
   126 : 0      (0          00)    (12           10)   ( 0          0) -   00000       0
   132 : 0      (0          00)    (12           11)   ( 0          0) -   00000       0
   138 : 0      (0          00)    (13           11)   ( 0          0) -   00000       0
   144 : 0      (0          00)    (13           12)   ( 0          0) -   00000       0
   150 : 0      (0          00)    (14           12)   ( 0          0) -   00000       0
   156 : 0      (0          00)    (15           13)   ( 0          0) -   00000       0
   162 : 0      (0          00)    (15           14)   ( 0          0) -   00000       0
   168 : 1      (0          00)    (16           14)   ( 0          0) -   00000       0
   174 : 1      (1          ff)    (16           14)   ( 1          1) -   00001       1
data mismatched at time 174.000 : dout = ff, expected = 00
   180 : 1      (1          00)    (16           13)   ( 2          2) -   00011       3
   186 : 1      (1          01)    (16           13)   ( 3          3) -   00010       2
   192 : 1      (1          02)    (16           12)   ( 4          4) -   00110       6
   198 : 0      (1          03)    (15           11)   ( 5          5) -   00111       7
   204 : 0      (1          04)    (15           10)   ( 6          6) -   00101       5
   210 : 0      (1          05)    (14            9)   ( 7          7) -   00100       4
   216 : 0      (1          06)    (14            8)   ( 8          8) -   01100      12
   222 : 0      (1          07)    (14            8)   ( 9          9) -   01101      13
   228 : 0      (1          08)    (13            7)   (10         10) -   01111      15
   234 : 0      (1          09)    (13            7)   (11         11) -   01110      14
   240 : 0      (1          0a)    (12            6)   (12         12) -   01010      10
   246 : 0      (1          0b)    (12            6)   (13         13) -   01011      11
   252 : 0      (1          0c)    (12            6)   (14         14) -   01001       9
   258 : 0      (1          0d)    (11            5)   (15         15) -   01000       8
   264 : 0      (1          0e)    (11            5)   ( 0         16) -   11000      24
   270 : 0      (1          0f)    (10            4)   ( 1         17) -   11001      25
   276 : 0      (1          10)    (10            4)   ( 2         18) -   11011      27
   282 : 0      (1          11)    (10            4)   ( 3         19) -   11010      26
   288 : 0      (1          12)    ( 9            3)   ( 4         20) -   11110      30
   294 : 0      (1          13)    ( 9            3)   ( 5         21) -   11111      31
   300 : 0      (1          14)    ( 8            2)   ( 6         22) -   11101      29
   306 : 0      (1          15)    ( 8            2)   ( 7         23) -   11100      28
   312 : 0      (1          16)    ( 8            2)   ( 8         24) -   10100      20
   318 : 0      (1          17)    ( 7            1)   ( 9         25) -   10101      21
   324 : 0      (1          18)    ( 7            1)   (10         26) -   10111      23
   330 : 0      (1          19)    ( 6            0)   (11         27) -   10110      22
   336 : 0      (0          19)    ( 6            1)   (11         27) -   10110      22
   342 : 0      (0          19)    ( 6            2)   (11         27) -   10110      22
   348 : 0      (0          19)    ( 5            2)   (11         27) -   10110      22
   354 : 0      (0          19)    ( 5            3)   (11         27) -   10110      22
   360 : 0      (0          19)    ( 5            3)   (11         27) -   10110      22
   366 : 0      (0          19)    ( 6            4)   (11         27) -   10110      22
   372 : 0      (0          19)    ( 6            5)   (11         27) -   10110      22
   378 : 0      (0          19)    ( 7            5)   (11         27) -   10110      22
   384 : 0      (0          19)    ( 7            6)   (11         27) -   10110      22
   390 : 0      (0          19)    ( 8            6)   (11         27) -   10110      22
   396 : 0      (0          19)    ( 9            7)   (11         27) -   10110      22
   402 : 0      (0          19)    ( 9            8)   (11         27) -   10110      22
   408 : 0      (0          19)    (10            8)   (11         27) -   10110      22
   414 : 0      (0          19)    (10            9)   (11         27) -   10110      22
   420 : 0      (0          19)    (11            9)   (11         27) -   10110      22
   426 : 0      (0          19)    (12           10)   (11         27) -   10110      22
   432 : 0      (0          19)    (12           11)   (11         27) -   10110      22
   438 : 0      (0          19)    (13           11)   (11         27) -   10110      22
   444 : 0      (0          19)    (13           12)   (11         27) -   10110      22
   450 : 0      (0          19)    (14           12)   (11         27) -   10110      22
   456 : 0      (0          19)    (15           13)   (11         27) -   10110      22
   462 : 0      (0          19)    (15           14)   (11         27) -   10110      22
   468 : 1      (0          19)    (16           14)   (11         27) -   10110      22
   474 : 1      (1          1a)    (16           14)   (12         28) -   10010      18
   480 : 1      (1          1b)    (16           13)   (13         29) -   10011      19
   486 : 1      (1          1c)    (16           13)   (14         30) -   10001      17
   492 : 1      (1          1d)    (16           12)   (15         31) -   10000      16
   498 : 0      (1          1e)    (15           11)   ( 0          0) -   00000       0
   504 : 0      (1          1f)    (15           10)   ( 1          1) -   00001       1
   510 : 0      (1          20)    (14            9)   ( 2          2) -   00011       3
   516 : 0      (1          21)    (14            8)   ( 3          3) -   00010       2
   522 : 0      (1          22)    (14            8)   ( 4          4) -   00110       6
   528 : 0      (1          23)    (13            7)   ( 5          5) -   00111       7
   534 : 0      (1          24)    (13            7)   ( 6          6) -   00101       5
   540 : 0      (1          25)    (12            6)   ( 7          7) -   00100       4
   546 : 0      (1          26)    (12            6)   ( 8          8) -   01100      12
   552 : 0      (1          27)    (12            6)   ( 9          9) -   01101      13
   558 : 0      (1          28)    (11            5)   (10         10) -   01111      15
   564 : 0      (1          29)    (11            5)   (11         11) -   01110      14
   570 : 0      (1          2a)    (10            4)   (12         12) -   01010      10
   576 : 0      (1          2b)    (10            4)   (13         13) -   01011      11
   582 : 0      (1          2c)    (10            4)   (14         14) -   01001       9
   588 : 0      (1          2d)    ( 9            3)   (15         15) -   01000       8
   594 : 0      (1          2e)    ( 9            3)   ( 0         16) -   11000      24
   600 : 0      (1          2f)    ( 8            2)   ( 1         17) -   11001      25
   606 : 0      (1          30)    ( 8            2)   ( 2         18) -   11011      27
   612 : 0      (1          31)    ( 8            2)   ( 3         19) -   11010      26
   618 : 0      (1          32)    ( 7            1)   ( 4         20) -   11110      30
   624 : 0      (1          33)    ( 7            1)   ( 5         21) -   11111      31
   630 : 0      (1          34)    ( 6            0)   ( 6         22) -   11101      29
   636 : 0      (0          34)    ( 6            1)   ( 6         22) -   11101      29
   642 : 0      (1          35)    ( 6            1)   ( 7         23) -   11100      28
   648 : 0      (1          36)    ( 5            0)   ( 8         24) -   10100      20
   654 : 0      (0          36)    ( 5            1)   ( 8         24) -   10100      20
   660 : 0      (1          37)    ( 5            0)   ( 9         25) -   10101      21
   666 : 0      (0          37)    ( 5            1)   ( 9         25) -   10101      21
   672 : 0      (1          38)    ( 5            1)   (10         26) -   10111      23
   678 : 0      (1          39)    ( 5            0)   (11         27) -   10110      22
   684 : 0      (0          39)    ( 5            1)   (11         27) -   10110      22
   690 : 0      (1          3a)    ( 5            0)   (12         28) -   10010      18
   696 : 0      (0          3a)    ( 5            1)   (12         28) -   10010      18
   702 : 0      (1          3b)    ( 5            1)   (13         29) -   10011      19
   708 : 0      (1          3c)    ( 5            0)   (14         30) -   10001      17
   714 : 0      (0          3c)    ( 5            1)   (14         30) -   10001      17
   720 : 0      (1          3d)    ( 5            0)   (15         31) -   10000      16
   726 : 0      (0          3d)    ( 5            1)   (15         31) -   10000      16
   732 : 0      (1          3e)    ( 5            1)   ( 0          0) -   00000       0
   738 : 0      (1          3f)    ( 5            0)   ( 1          1) -   00001       1
   744 : 0      (0          3f)    ( 5            1)   ( 1          1) -   00001       1
   750 : 0      (1          40)    ( 5            0)   ( 2          2) -   00011       3
   756 : 0      (0          40)    ( 5            1)   ( 2          2) -   00011       3
   762 : 0      (1          41)    ( 5            1)   ( 3          3) -   00010       2
   768 : 0      (1          42)    ( 5            0)   ( 4          4) -   00110       6
   774 : 0      (0          42)    ( 5            1)   ( 4          4) -   00110       6
   780 : 0      (1          43)    ( 5            0)   ( 5          5) -   00111       7
   786 : 0      (0          43)    ( 5            1)   ( 5          5) -   00111       7
   792 : 0      (1          44)    ( 5            1)   ( 6          6) -   00101       5
   798 : 0      (1          45)    ( 5            0)   ( 7          7) -   00100       4
   804 : 0      (0          45)    ( 5            1)   ( 7          7) -   00100       4
   810 : 0      (1          46)    ( 5            0)   ( 8          8) -   01100      12
   816 : 0      (0          46)    ( 5            1)   ( 8          8) -   01100      12
   822 : 0      (1          47)    ( 5            1)   ( 9          9) -   01101      13
   828 : 0      (1          48)    ( 5            0)   (10         10) -   01111      15
