Block Memory Generator CORE Generator module testbench.dut.dpram_xlx_inst.inst.blk_mem_gen_v4_3_inst is using a behavioral model for simulation which will not precisely model memory collision behavior.
VCD info: dumpfile fifo.dump opened for output.

  Time : w_full (r_valid, dout) (w_counter, r_counter) (r_addr, rbin2) - (rptr-b, rptr-d)
     3 : 0      (0          00)    ( 0            0)   ( 0          0) -   00000       0
     9 : 0      (0          00)    ( 0            0)   ( 0          0) -   00000       0
    15 : 0      (0          00)    ( 0            0)   ( 0          0) -   00000       0
    21 : 0      (0          00)    ( 2            0)   ( 0          0) -   00000       0
    27 : 0      (0          00)    ( 3            0)   ( 0          0) -   00000       0
    33 : 0      (0          00)    ( 3            0)   ( 0          0) -   00000       0
    39 : 0      (0          00)    ( 4            0)   ( 0          0) -   00000       0
    45 : 0      (0          00)    ( 4            0)   ( 0          0) -   00000       0
    51 : 0      (0          00)    ( 5            0)   ( 0          0) -   00000       0
    57 : 0      (0          00)    ( 6            0)   ( 0          0) -   00000       0
    63 : 0      (0          00)    ( 6            0)   ( 0          0) -   00000       0
    69 : 0      (0          00)    ( 7            0)   ( 0          0) -   00000       0
    75 : 0      (0          00)    ( 7            0)   ( 0          0) -   00000       0
    81 : 0      (0          00)    ( 8            0)   ( 0          0) -   00000       0
    87 : 0      (0          00)    ( 9            0)   ( 0          0) -   00000       0
    93 : 0      (0          00)    ( 9            0)   ( 0          0) -   00000       0
    99 : 0      (0          00)    (10            0)   ( 0          0) -   00000       0
   105 : 0      (0          00)    (10            0)   ( 0          0) -   00000       0
   111 : 0      (0          00)    (11            0)   ( 0          0) -   00000       0
   117 : 0      (0          00)    (12            0)   ( 0          0) -   00000       0
   123 : 0      (0          00)    (12            0)   ( 0          0) -   00000       0
   129 : 0      (0          00)    (13            0)   ( 0          0) -   00000       0
   135 : 0      (0          00)    (13            0)   ( 0          0) -   00000       0
   141 : 0      (0          00)    (14            0)   ( 0          0) -   00000       0
   147 : 0      (0          00)    (15            0)   ( 0          0) -   00000       0
   153 : 0      (0          00)    (15           11)   ( 0          0) -   00000       0
   159 : 1      (1          f1)    (16           10)   ( 1          1) -   00001       1
data mismatched at time 159.000 : dout = f1, expected = 00
   165 : 1      (1          10)    (16            9)   ( 2          2) -   00011       3
data mismatched at time 165.000 : dout = 10, expected = f2
   171 : 1      (1          11)    (16            8)   ( 3          3) -   00010       2
   177 : 0      (1          12)    (15            7)   ( 4          4) -   00110       6
   183 : 0      (1          13)    (15            6)   ( 5          5) -   00111       7
   189 : 0      (1          14)    (15            5)   ( 6          6) -   00101       5
   195 : 0      (1          15)    (15            4)   ( 7          7) -   00100       4
   201 : 0      (1          16)    (14            3)   ( 8          8) -   01100      12
   207 : 0      (1          17)    (13            2)   ( 9          9) -   01101      13
   213 : 0      (1          18)    (13            1)   (10         10) -   01111      15
   219 : 0      (1          19)    (13            0)   (11         11) -   01110      14
   225 : 0      (0          19)    (13            0)   (11         11) -   01110      14
   231 : 0      (0          19)    (12            0)   (11         11) -   01110      14
   237 : 0      (0          19)    (11            0)   (11         11) -   01110      14
   243 : 0      (0          19)    (11            0)   (11         11) -   01110      14
   249 : 0      (0          19)    (12            0)   (11         11) -   01110      14
   255 : 0      (0          19)    (12            0)   (11         11) -   01110      14
   261 : 0      (0          19)    (13            0)   (11         11) -   01110      14
   267 : 0      (0          19)    (14            0)   (11         11) -   01110      14
   273 : 0      (0          19)    (14           10)   (11         11) -   01110      14
   279 : 0      (1          f2)    (15            9)   (12         12) -   01010      10
data mismatched at time 279.000 : dout = f2, expected = 1a
   285 : 0      (1          20)    (15            8)   (13         13) -   01011      11
data mismatched at time 285.000 : dout = 20, expected = f3
   291 : 1      (1          21)    (16            7)   (14         14) -   01001       9
   297 : 0      (1          22)    (15            6)   (15         15) -   01000       8
   303 : 0      (1          23)    (15            5)   ( 0         16) -   11000      24
   309 : 0      (1          24)    (15            4)   ( 1         17) -   11001      25
   315 : 0      (1          25)    (15            3)   ( 2         18) -   11011      27
   321 : 0      (1          26)    (14            2)   ( 3         19) -   11010      26
   327 : 0      (1          27)    (13            1)   ( 4         20) -   11110      30
   333 : 0      (1          28)    (13            0)   ( 5         21) -   11111      31
   339 : 0      (0          28)    (13            0)   ( 5         21) -   11111      31
   345 : 0      (0          28)    (13            0)   ( 5         21) -   11111      31
   351 : 0      (0          28)    (11            0)   ( 5         21) -   11111      31
   357 : 0      (0          28)    ( 2            0)   ( 5         21) -   11111      31
   363 : 0      (0          28)    ( 2            0)   ( 5         21) -   11111      31
   369 : 0      (0          28)    ( 3            0)   ( 5         21) -   11111      31
   375 : 0      (0          28)    ( 3            0)   ( 5         21) -   11111      31
   381 : 0      (0          28)    ( 4            0)   ( 5         21) -   11111      31
   387 : 0      (0          28)    ( 5            0)   ( 5         21) -   11111      31
   393 : 0      (0          28)    ( 5            0)   ( 5         21) -   11111      31
   399 : 0      (0          28)    ( 6            0)   ( 5         21) -   11111      31
   405 : 0      (0          28)    ( 6            0)   ( 5         21) -   11111      31
   411 : 0      (0          28)    ( 7            0)   ( 5         21) -   11111      31
   417 : 0      (0          28)    ( 8            0)   ( 5         21) -   11111      31
   423 : 0      (0          28)    ( 8            0)   ( 5         21) -   11111      31
   429 : 0      (0          28)    ( 9            0)   ( 5         21) -   11111      31
   435 : 0      (0          28)    ( 9            0)   ( 5         21) -   11111      31
   441 : 0      (0          28)    (10            0)   ( 5         21) -   11111      31
   447 : 0      (0          28)    (10            0)   ( 5         21) -   11111      31
   453 : 0      (0          28)    (10            0)   ( 5         21) -   11111      31
   459 : 0      (0          28)    (11            0)   ( 5         21) -   11111      31
   465 : 0      (0          28)    (11            0)   ( 5         21) -   11111      31
   471 : 0      (0          28)    (12            0)   ( 5         21) -   11111      31
   477 : 0      (0          28)    (13            0)   ( 5         21) -   11111      31
   483 : 0      (0          28)    (13            0)   ( 5         21) -   11111      31
   489 : 0      (0          28)    (14            0)   ( 5         21) -   11111      31
   495 : 0      (0          28)    (14           10)   ( 5         21) -   11111      31
   501 : 0      (1          f4)    (15            9)   ( 6         22) -   11101      29
data mismatched at time 501.000 : dout = f4, expected = 29
   507 : 1      (1          40)    (16            8)   ( 7         23) -   11100      28
data mismatched at time 507.000 : dout = 40, expected = f5
   513 : 1      (1          41)    (16            7)   ( 8         24) -   10100      20
   519 : 1      (1          42)    (16            6)   ( 9         25) -   10101      21
   525 : 1      (1          43)    (16            5)   (10         26) -   10111      23
   531 : 0      (1          44)    (14            4)   (11         27) -   10110      22
   537 : 0      (1          45)    (13            3)   (12         28) -   10010      18
   543 : 0      (1          46)    (13            2)   (13         29) -   10011      19
   549 : 0      (1          47)    (13            1)   (14         30) -   10001      17
   555 : 0      (1          48)    (13            0)   (15         31) -   10000      16
   561 : 0      (0          48)    (11            0)   (15         31) -   10000      16
   567 : 0      (0          48)    (10            0)   (15         31) -   10000      16
   573 : 0      (0          48)    (10            0)   (15         31) -   10000      16
   579 : 0      (0          48)    ( 9            0)   (15         31) -   10000      16
   585 : 0      (0          48)    ( 9            0)   (15         31) -   10000      16
   591 : 0      (0          48)    ( 9            0)   (15         31) -   10000      16
   597 : 0      (0          48)    ( 9            0)   (15         31) -   10000      16
   603 : 0      (0          48)    ( 9            8)   (15         31) -   10000      16
   609 : 0      (1          f5)    ( 9            7)   ( 0          0) -   00000       0
data mismatched at time 609.000 : dout = f5, expected = 49
   615 : 0      (1          50)    ( 9            6)   ( 1          1) -   00001       1
data mismatched at time 615.000 : dout = 50, expected = f6
   621 : 0      (1          51)    ( 9            5)   ( 2          2) -   00011       3
   627 : 0      (1          52)    ( 8            4)   ( 3          3) -   00010       2
   633 : 0      (1          53)    ( 8            3)   ( 4          4) -   00110       6
   639 : 0      (1          54)    ( 7            2)   ( 5          5) -   00111       7
   645 : 0      (1          55)    ( 7            1)   ( 6          6) -   00101       5
   651 : 0      (1          56)    ( 5            0)   ( 7          7) -   00100       4
   657 : 0      (0          56)    ( 3            0)   ( 7          7) -   00100       4
   663 : 0      (0          56)    ( 3            0)   ( 7          7) -   00100       4
   669 : 0      (0          56)    ( 2            0)   ( 7          7) -   00100       4
   675 : 0      (0          56)    ( 2            0)   ( 7          7) -   00100       4
   681 : 0      (0          56)    ( 1            0)   ( 7          7) -   00100       4
   687 : 0      (0          56)    ( 1            0)   ( 7          7) -   00100       4
   693 : 0      (0          56)    ( 1            0)   ( 7          7) -   00100       4
   699 : 0      (0          56)    ( 1            0)   ( 7          7) -   00100       4
   705 : 0      (0          56)    ( 1            0)   ( 7          7) -   00100       4
   711 : 0      (0          56)    ( 1            0)   ( 7          7) -   00100       4
   717 : 0      (0          56)    ( 1            0)   ( 7          7) -   00100       4
