Block Memory Generator CORE Generator module testbench.dut.dpram_xlx_inst.inst.blk_mem_gen_v4_3_inst is using a behavioral model for simulation which will not precisely model memory collision behavior.
VCD info: dumpfile fifo.dump opened for output.

  Time : w_full (r_valid, dout) (w_counter, r_counter) (r_addr, rbin2) - (rptr-b, rptr-d)
     3 : 0      (0          00)    ( 0            0)   ( 0          0) -   00000       0
     9 : 0      (0          00)    ( 0            0)   ( 0          0) -   00000       0
    15 : 0      (0          00)    ( 0            0)   ( 0          0) -   00000       0
    21 : 0      (0          00)    ( 3            0)   ( 0          0) -   00000       0
    27 : 0      (0          00)    ( 4            0)   ( 0          0) -   00000       0
    33 : 0      (0          00)    ( 4            0)   ( 0          0) -   00000       0
    39 : 0      (0          00)    ( 5            0)   ( 0          0) -   00000       0
    45 : 0      (0          00)    ( 5            0)   ( 0          0) -   00000       0
    51 : 0      (0          00)    ( 6            0)   ( 0          0) -   00000       0
    57 : 0      (0          00)    ( 7            0)   ( 0          0) -   00000       0
    63 : 0      (0          00)    ( 7            0)   ( 0          0) -   00000       0
    69 : 0      (0          00)    ( 8            0)   ( 0          0) -   00000       0
    75 : 0      (0          00)    ( 8            0)   ( 0          0) -   00000       0
    81 : 0      (0          00)    ( 9            0)   ( 0          0) -   00000       0
    87 : 0      (0          00)    (10            0)   ( 0          0) -   00000       0
    93 : 0      (0          00)    (10            0)   ( 0          0) -   00000       0
    99 : 0      (0          00)    (11            0)   ( 0          0) -   00000       0
   105 : 0      (0          00)    (11            0)   ( 0          0) -   00000       0
   111 : 0      (0          00)    (12            0)   ( 0          0) -   00000       0
   117 : 0      (0          00)    (12            0)   ( 0          0) -   00000       0
   123 : 0      (0          00)    (12            0)   ( 0          0) -   00000       0
   129 : 0      (0          00)    (14            0)   ( 0          0) -   00000       0
   135 : 0      (0          00)    (14            0)   ( 0          0) -   00000       0
   141 : 0      (0          00)    (15            0)   ( 0          0) -   00000       0
   147 : 1      (0          00)    (16            0)   ( 0          0) -   00000       0
   153 : 1      (0          00)    (16            0)   ( 0          0) -   00000       0
   159 : 1      (0          00)    (16            0)   ( 0          0) -   00000       0
   165 : 1      (0          00)    (16           12)   ( 0          0) -   00000       0
   171 : 1      (1          e1)    (16           11)   ( 1          1) -   00001       1
data mismatched at time 171.000 : dout = e1, expected = 00
   177 : 1      (1          f1)    (16           10)   ( 2          2) -   00011       3
data mismatched at time 177.000 : dout = f1, expected = e2
   183 : 1      (1          10)    (16            9)   ( 3          3) -   00010       2
data mismatched at time 183.000 : dout = 10, expected = f2
   189 : 1      (1          11)    (16            8)   ( 4          4) -   00110       6
   195 : 1      (1          12)    (16            7)   ( 5          5) -   00111       7
   201 : 0      (1          13)    (14            6)   ( 6          6) -   00101       5
   207 : 0      (1          14)    (13            5)   ( 7          7) -   00100       4
   213 : 0      (1          15)    (13            4)   ( 8          8) -   01100      12
   219 : 0      (1          16)    (13            3)   ( 9          9) -   01101      13
   225 : 0      (1          17)    (13            2)   (10         10) -   01111      15
   231 : 0      (1          18)    (12            1)   (11         11) -   01110      14
   237 : 0      (1          19)    (11            0)   (12         12) -   01010      10
   243 : 0      (0          19)    (11            0)   (12         12) -   01010      10
   249 : 0      (0          19)    (11            0)   (12         12) -   01010      10
   255 : 0      (0          19)    (11            0)   (12         12) -   01010      10
   261 : 0      (0          19)    (10            0)   (12         12) -   01010      10
   267 : 0      (0          19)    (11            0)   (12         12) -   01010      10
   273 : 0      (0          19)    (11            0)   (12         12) -   01010      10
   279 : 0      (0          19)    (11            0)   (12         12) -   01010      10
   285 : 0      (0          19)    (11            0)   (12         12) -   01010      10
   291 : 0      (0          19)    (13            0)   (12         12) -   01010      10
   297 : 0      (0          19)    (14            0)   (12         12) -   01010      10
   303 : 0      (0          19)    (14            0)   (12         12) -   01010      10
   309 : 0      (0          19)    (15            0)   (12         12) -   01010      10
   315 : 0      (0          19)    (15            0)   (12         12) -   01010      10
   321 : 1      (0          19)    (16            0)   (12         12) -   01010      10
   327 : 1      (0          19)    (16           11)   (12         12) -   01010      10
   333 : 1      (1          e2)    (16           10)   (13         13) -   01011      11
data mismatched at time 333.000 : dout = e2, expected = 1a
   339 : 1      (1          f2)    (16            9)   (14         14) -   01001       9
data mismatched at time 339.000 : dout = f2, expected = e3
   345 : 1      (1          20)    (16            8)   (15         15) -   01000       8
data mismatched at time 345.000 : dout = 20, expected = f3
   351 : 1      (1          21)    (16            7)   ( 0         16) -   11000      24
   357 : 0      (1          22)    (14            6)   ( 1         17) -   11001      25
   363 : 0      (1          23)    (14            5)   ( 2         18) -   11011      27
   369 : 0      (1          24)    (14            4)   ( 3         19) -   11010      26
   375 : 0      (1          25)    (14            3)   ( 4         20) -   11110      30
   381 : 0      (1          26)    (13            2)   ( 5         21) -   11111      31
   387 : 0      (1          27)    (12            1)   ( 6         22) -   11101      29
   393 : 0      (1          28)    (12            0)   ( 7         23) -   11100      28
   399 : 0      (0          28)    (12            0)   ( 7         23) -   11100      28
   405 : 0      (0          28)    (12            0)   ( 7         23) -   11100      28
   411 : 0      (0          28)    (11            0)   ( 7         23) -   11100      28
   417 : 0      (0          28)    (11            0)   ( 7         23) -   11100      28
   423 : 0      (0          28)    (11            0)   ( 7         23) -   11100      28
   429 : 0      (0          28)    (11            0)   ( 7         23) -   11100      28
   435 : 0      (0          28)    (11            0)   ( 7         23) -   11100      28
   441 : 0      (0          28)    ( 3            0)   ( 7         23) -   11100      28
   447 : 0      (0          28)    ( 4            0)   ( 7         23) -   11100      28
   453 : 0      (0          28)    ( 4            0)   ( 7         23) -   11100      28
   459 : 0      (0          28)    ( 5            0)   ( 7         23) -   11100      28
   465 : 0      (0          28)    ( 5            0)   ( 7         23) -   11100      28
   471 : 0      (0          28)    ( 6            0)   ( 7         23) -   11100      28
   477 : 0      (0          28)    ( 7            0)   ( 7         23) -   11100      28
   483 : 0      (0          28)    ( 7            0)   ( 7         23) -   11100      28
   489 : 0      (0          28)    ( 8            0)   ( 7         23) -   11100      28
   495 : 0      (0          28)    ( 8            0)   ( 7         23) -   11100      28
   501 : 0      (0          28)    ( 9            0)   ( 7         23) -   11100      28
   507 : 0      (0          28)    (10            0)   ( 7         23) -   11100      28
   513 : 0      (0          28)    (10            0)   ( 7         23) -   11100      28
   519 : 0      (0          28)    (11            0)   ( 7         23) -   11100      28
   525 : 0      (0          28)    (11            0)   ( 7         23) -   11100      28
   531 : 0      (0          28)    (11            0)   ( 7         23) -   11100      28
   537 : 0      (0          28)    (11            0)   ( 7         23) -   11100      28
   543 : 0      (0          28)    (11            0)   ( 7         23) -   11100      28
   549 : 0      (0          28)    (13            0)   ( 7         23) -   11100      28
   555 : 0      (0          28)    (13            0)   ( 7         23) -   11100      28
   561 : 0      (0          28)    (14            0)   ( 7         23) -   11100      28
   567 : 0      (0          28)    (15            0)   ( 7         23) -   11100      28
   573 : 0      (0          28)    (15            0)   ( 7         23) -   11100      28
   579 : 1      (0          28)    (16            0)   ( 7         23) -   11100      28
   585 : 1      (0          28)    (16           11)   ( 7         23) -   11100      28
   591 : 1      (1          e4)    (16           10)   ( 8         24) -   10100      20
data mismatched at time 591.000 : dout = e4, expected = 29
   597 : 1      (1          f4)    (16            9)   ( 9         25) -   10101      21
data mismatched at time 597.000 : dout = f4, expected = e5
   603 : 1      (1          40)    (16            8)   (10         26) -   10111      23
data mismatched at time 603.000 : dout = 40, expected = f5
   609 : 1      (1          41)    (16            7)   (11         27) -   10110      22
   615 : 1      (1          42)    (16            6)   (12         28) -   10010      18
   621 : 0      (1          43)    (14            5)   (13         29) -   10011      19
   627 : 0      (1          44)    (13            4)   (14         30) -   10001      17
   633 : 0      (1          45)    (13            3)   (15         31) -   10000      16
   639 : 0      (1          46)    (13            2)   ( 0          0) -   00000       0
   645 : 0      (1          47)    (13            1)   ( 1          1) -   00001       1
   651 : 0      (1          48)    (11            0)   ( 2          2) -   00011       3
   657 : 0      (0          48)    ( 9            0)   ( 2          2) -   00011       3
   663 : 0      (0          48)    ( 9            0)   ( 2          2) -   00011       3
   669 : 0      (0          48)    (10            0)   ( 2          2) -   00011       3
   675 : 0      (0          48)    (10            0)   ( 2          2) -   00011       3
   681 : 0      (0          48)    ( 9            0)   ( 2          2) -   00011       3
   687 : 0      (0          48)    ( 9            0)   ( 2          2) -   00011       3
   693 : 0      (0          48)    ( 9            0)   ( 2          2) -   00011       3
   699 : 0      (0          48)    ( 9            0)   ( 2          2) -   00011       3
   705 : 0      (0          48)    ( 9            7)   ( 2          2) -   00011       3
   711 : 0      (1          e5)    ( 9            6)   ( 3          3) -   00010       2
data mismatched at time 711.000 : dout = e5, expected = 49
   717 : 0      (1          f5)    ( 9            5)   ( 4          4) -   00110       6
data mismatched at time 717.000 : dout = f5, expected = e6
   723 : 0      (1          50)    ( 9            4)   ( 5          5) -   00111       7
data mismatched at time 723.000 : dout = 50, expected = f6
   729 : 0      (1          51)    ( 9            3)   ( 6          6) -   00101       5
   735 : 0      (1          52)    ( 9            2)   ( 7          7) -   00100       4
   741 : 0      (1          53)    ( 7            1)   ( 8          8) -   01100      12
   747 : 0      (1          54)    ( 5            0)   ( 9          9) -   01101      13
   753 : 0      (0          54)    ( 5            0)   ( 9          9) -   01101      13
   759 : 0      (0          54)    ( 4            0)   ( 9          9) -   01101      13
   765 : 0      (0          54)    ( 4            0)   ( 9          9) -   01101      13
   771 : 0      (0          54)    ( 2            0)   ( 9          9) -   01101      13
   777 : 0      (0          54)    ( 2            0)   ( 9          9) -   01101      13
   783 : 0      (0          54)    ( 2            0)   ( 9          9) -   01101      13
   789 : 0      (0          54)    ( 2            0)   ( 9          9) -   01101      13
   795 : 0      (0          54)    ( 2            0)   ( 9          9) -   01101      13
   801 : 0      (0          54)    ( 2            0)   ( 9          9) -   01101      13
   807 : 0      (0          54)    ( 2            0)   ( 9          9) -   01101      13
   813 : 0      (0          54)    ( 2            0)   ( 9          9) -   01101      13
   819 : 0      (0          54)    ( 2            0)   ( 9          9) -   01101      13
