Block Memory Generator CORE Generator module testbench.dut.dpram_xlx_inst.inst.blk_mem_gen_v4_3_inst is using a behavioral model for simulation which will not precisely model memory collision behavior.
VCD info: dumpfile fifo.dump opened for output.

  Time : w_full (r_valid, dout) (w_counter, r_counter) (r_addr, rbin2) - (rptr-b, rptr-d)
     3 : 0      (0          00)    ( 0            0)   ( 0          6) -   00101       5
     9 : 0      (0          00)    ( 0            0)   ( 0          6) -   00101       5
    15 : 0      (0          00)    ( 0            0)   ( 0          6) -   00101       5
    21 : 0      (0          00)    ( 3            0)   ( 0          6) -   00101       5
    27 : 0      (0          00)    ( 4            0)   ( 0          6) -   00101       5
    33 : 0      (0          00)    ( 4            0)   ( 0          6) -   00101       5
    39 : 0      (0          00)    ( 5            0)   ( 0          6) -   00101       5
    45 : 0      (0          00)    ( 5            0)   ( 0          6) -   00101       5
    51 : 0      (0          00)    ( 6            0)   ( 0          6) -   00101       5
    57 : 0      (0          00)    ( 7            0)   ( 0          6) -   00101       5
    63 : 0      (0          00)    ( 7            0)   ( 0          6) -   00101       5
    69 : 0      (0          00)    ( 8            0)   ( 0          6) -   00101       5
    75 : 0      (0          00)    ( 8            0)   ( 0          6) -   00101       5
    81 : 0      (0          00)    ( 8            0)   ( 0          6) -   00101       5
    87 : 1      (0          00)    (10            0)   ( 0          6) -   00101       5
    93 : 1      (0          00)    (10            0)   ( 0          6) -   00101       5
    99 : 1      (0          00)    (10            0)   ( 0          6) -   00101       5
   105 : 1      (0          00)    (10            0)   ( 0          6) -   00101       5
   111 : 1      (0          00)    (10            0)   ( 0          6) -   00101       5
   117 : 1      (0          00)    (10            0)   ( 0          6) -   00101       5
   123 : 1      (0          00)    (10            8)   ( 0          6) -   00101       5
   129 : 1      (1          e1)    (10            7)   ( 1          7) -   00100       4
data mismatched at time 129.000 : dout = e1, expected = 00
   135 : 1      (1          f1)    (10            6)   ( 2          8) -   01100      12
data mismatched at time 135.000 : dout = f1, expected = e2
   141 : 1      (1          10)    (10            5)   ( 3          9) -   01101      13
data mismatched at time 141.000 : dout = 10, expected = f2
   147 : 0      (1          11)    ( 9            4)   ( 4         10) -   01111      15
   153 : 0      (1          12)    ( 9            3)   ( 5         11) -   01110      14
   159 : 0      (1          13)    ( 9            2)   ( 6         12) -   01010      10
   165 : 0      (1          14)    ( 9            1)   ( 7         13) -   01011      11
   171 : 0      (1          15)    ( 8            0)   ( 8         14) -   01001       9
   177 : 0      (0          15)    ( 7            0)   ( 8         14) -   01001       9
   183 : 0      (0          15)    ( 7            0)   ( 8         14) -   01001       9
   189 : 0      (0          15)    ( 7            0)   ( 8         14) -   01001       9
   195 : 0      (0          15)    ( 7            0)   ( 8         14) -   01001       9
   201 : 0      (0          15)    ( 6            0)   ( 8         14) -   01001       9
   207 : 0      (0          15)    ( 8            0)   ( 8         14) -   01001       9
   213 : 0      (0          15)    ( 8            0)   ( 8         14) -   01001       9
   219 : 0      (0          15)    ( 9            0)   ( 8         14) -   01001       9
   225 : 0      (0          15)    ( 9            0)   ( 8         14) -   01001       9
   231 : 1      (0          15)    (10            0)   ( 8         14) -   01001       9
   237 : 1      (0          15)    (10            0)   ( 8         14) -   01001       9
   243 : 1      (0          15)    (10            6)   ( 8         14) -   01001       9
   249 : 1      (1          e2)    (10            5)   ( 9         15) -   01000       8
data mismatched at time 249.000 : dout = e2, expected = 16
   255 : 1      (1          f2)    (10            4)   ( 0         16) -   11000      24
data mismatched at time 255.000 : dout = f2, expected = e3
   261 : 1      (1          21)    (10            3)   ( 1         17) -   11001      25
data mismatched at time 261.000 : dout = 21, expected = f3
   267 : 0      (1          22)    ( 9            2)   ( 2         18) -   11011      27
   273 : 0      (1          23)    ( 9            1)   ( 3         19) -   11010      26
   279 : 0      (1          24)    ( 9            0)   ( 4         20) -   11110      30
   285 : 0      (0          24)    ( 9            0)   ( 4         20) -   11110      30
   291 : 0      (0          24)    ( 8            0)   ( 4         20) -   11110      30
   297 : 0      (0          24)    ( 7            0)   ( 4         20) -   11110      30
   303 : 0      (0          24)    ( 7            0)   ( 4         20) -   11110      30
   309 : 0      (0          24)    ( 7            0)   ( 4         20) -   11110      30
   315 : 0      (0          24)    ( 7            0)   ( 4         20) -   11110      30
   321 : 0      (0          24)    ( 3            0)   ( 4         20) -   11110      30
   327 : 0      (0          24)    ( 4            0)   ( 4         20) -   11110      30
   333 : 0      (0          24)    ( 4            0)   ( 4         20) -   11110      30
   339 : 0      (0          24)    ( 5            0)   ( 4         20) -   11110      30
   345 : 0      (0          24)    ( 5            0)   ( 4         20) -   11110      30
   351 : 0      (0          24)    ( 6            0)   ( 4         20) -   11110      30
   357 : 0      (0          24)    ( 7            0)   ( 4         20) -   11110      30
   363 : 0      (0          24)    ( 7            0)   ( 4         20) -   11110      30
   369 : 0      (0          24)    ( 7            0)   ( 4         20) -   11110      30
   375 : 0      (0          24)    ( 7            0)   ( 4         20) -   11110      30
   381 : 0      (0          24)    ( 7            0)   ( 4         20) -   11110      30
   387 : 0      (0          24)    ( 9            0)   ( 4         20) -   11110      30
   393 : 0      (0          24)    ( 9            0)   ( 4         20) -   11110      30
   399 : 1      (0          24)    (10            0)   ( 4         20) -   11110      30
   405 : 1      (0          24)    (10            0)   ( 4         20) -   11110      30
   411 : 1      (0          24)    (10            0)   ( 4         20) -   11110      30
   417 : 1      (0          24)    (10            0)   ( 4         20) -   11110      30
   423 : 1      (0          24)    (10            7)   ( 4         20) -   11110      30
   429 : 1      (1          e4)    (10            6)   ( 5         21) -   11111      31
data mismatched at time 429.000 : dout = e4, expected = 25
   435 : 1      (1          f4)    (10            5)   ( 6         22) -   11101      29
data mismatched at time 435.000 : dout = f4, expected = e5
   441 : 1      (1          40)    (10            4)   ( 7         23) -   11100      28
data mismatched at time 441.000 : dout = 40, expected = f5
   447 : 0      (1          41)    ( 9            3)   ( 8         24) -   10100      20
   453 : 0      (1          42)    ( 9            2)   ( 9         25) -   10101      21
   459 : 0      (1          43)    ( 9            1)   ( 0          6) -   00101       5
   465 : 0      (1          44)    ( 9            0)   ( 1          7) -   00100       4
   471 : 0      (0          44)    ( 8            0)   ( 1          7) -   00100       4
   477 : 0      (0          44)    ( 7            0)   ( 1          7) -   00100       4
   483 : 0      (0          44)    ( 7            0)   ( 1          7) -   00100       4
   489 : 0      (0          44)    ( 6            0)   ( 1          7) -   00100       4
   495 : 0      (0          44)    ( 6            0)   ( 1          7) -   00100       4
   501 : 0      (0          44)    ( 6            0)   ( 1          7) -   00100       4
   507 : 0      (0          44)    ( 8            0)   ( 1          7) -   00100       4
   513 : 0      (0          44)    ( 8            0)   ( 1          7) -   00100       4
   519 : 0      (0          44)    ( 8            0)   ( 1          7) -   00100       4
   525 : 0      (0          44)    ( 8            0)   ( 1          7) -   00100       4
   531 : 0      (0          44)    ( 8            0)   ( 1          7) -   00100       4
   537 : 0      (0          44)    ( 8            0)   ( 1          7) -   00100       4
   543 : 0      (0          44)    ( 8            6)   ( 1          7) -   00100       4
   549 : 0      (1          e5)    ( 8            5)   ( 2          8) -   01100      12
data mismatched at time 549.000 : dout = e5, expected = 45
   555 : 0      (1          f5)    ( 8            4)   ( 3          9) -   01101      13
data mismatched at time 555.000 : dout = f5, expected = e6
   561 : 0      (1          50)    ( 8            3)   ( 4         10) -   01111      15
data mismatched at time 561.000 : dout = 50, expected = f6
   567 : 0      (1          51)    ( 7            2)   ( 5         11) -   01110      14
   573 : 0      (1          52)    ( 7            1)   ( 6         12) -   01010      10
   579 : 0      (1          53)    ( 6            0)   ( 7         13) -   01011      11
   585 : 0      (0          53)    ( 6            0)   ( 7         13) -   01011      11
   591 : 0      (0          53)    ( 4            0)   ( 7         13) -   01011      11
   597 : 0      (0          53)    ( 2            0)   ( 7         13) -   01011      11
   603 : 0      (0          53)    ( 2            0)   ( 7         13) -   01011      11
   609 : 0      (0          53)    ( 2            0)   ( 7         13) -   01011      11
