Block Memory Generator CORE Generator module testbench.dut.dpram_xlx_inst.inst.blk_mem_gen_v4_3_inst is using a behavioral model for simulation which will not precisely model memory collision behavior.
VCD info: dumpfile fifo.dump opened for output.

  Time : w_full (r_valid, dout) (w_counter, r_counter) (r_addr, rbin2) - (rptr-b, rptr-d)
     3 : 0      (0          00)    ( 0            0)   ( 0          0) -   00000       0
     9 : 0      (0          00)    ( 0            0)   ( 0          0) -   00000       0
    15 : 0      (0          00)    ( 0            0)   ( 0          0) -   00000       0
    21 : 0      (0          00)    ( 1            0)   ( 0          0) -   00000       0
    27 : 0      (0          00)    ( 2            0)   ( 0          0) -   00000       0
    33 : 0      (0          00)    ( 2            0)   ( 0          0) -   00000       0
    39 : 0      (0          00)    ( 3            0)   ( 0          0) -   00000       0
    45 : 0      (0          00)    ( 3            0)   ( 0          0) -   00000       0
    51 : 0      (0          00)    ( 4            0)   ( 0          0) -   00000       0
    57 : 0      (0          00)    ( 5            0)   ( 0          0) -   00000       0
    63 : 0      (0          00)    ( 5            0)   ( 0          0) -   00000       0
    69 : 0      (0          00)    ( 6            0)   ( 0          0) -   00000       0
    75 : 0      (0          00)    ( 6            0)   ( 0          0) -   00000       0
    81 : 0      (0          00)    ( 7            0)   ( 0          0) -   00000       0
    87 : 0      (0          00)    ( 8            0)   ( 0          0) -   00000       0
    93 : 0      (0          00)    ( 8            0)   ( 0          0) -   00000       0
    99 : 0      (0          00)    ( 9            0)   ( 0          0) -   00000       0
   105 : 0      (0          00)    ( 9            0)   ( 0          0) -   00000       0
   111 : 0      (0          00)    ( 9            0)   ( 0          0) -   00000       0
   117 : 0      (0          00)    ( 8            0)   ( 0          0) -   00000       0
   123 : 0      (0          00)    ( 8            7)   ( 0          0) -   00000       0
   129 : 0      (0          00)    ( 9            7)   ( 0          0) -   00000       0
   135 : 0      (0          00)    ( 9            7)   ( 0          0) -   00000       0
   141 : 0      (0          00)    (10            7)   ( 0          0) -   00000       0
   147 : 0      (0          00)    (11            7)   ( 0          0) -   00000       0
   153 : 0      (0          00)    (11            7)   ( 0          0) -   00000       0
   159 : 0      (0          00)    (12            7)   ( 0          0) -   00000       0
   165 : 0      (0          00)    (12            7)   ( 0          0) -   00000       0
   171 : 0      (0          00)    (13            7)   ( 0          0) -   00000       0
   177 : 0      (0          00)    (14            7)   ( 0          0) -   00000       0
   183 : 0      (0          00)    (14            7)   ( 0          0) -   00000       0
   189 : 0      (0          00)    (15            7)   ( 0          0) -   00000       0
   195 : 0      (0          00)    (15            7)   ( 0          0) -   00000       0
   201 : 1      (0          00)    (16            7)   ( 0          0) -   00000       0
   207 : 1      (1          ff)    (16            6)   ( 1          1) -   00001       1
data mismatched at time 207.000 : dout = ff, expected = 00
   213 : 1      (1          ff)    (16            6)   ( 1          1) -   00001       1
   219 : 1      (1          ff)    (16            6)   ( 1          1) -   00001       1
   225 : 1      (1          ff)    (16            6)   ( 1          1) -   00001       1
   231 : 0      (1          ff)    (15            6)   ( 1          1) -   00001       1
   237 : 1      (1          ff)    (16            6)   ( 1          1) -   00001       1
   243 : 1      (1          ff)    (16            6)   ( 1          1) -   00001       1
   249 : 1      (1          00)    (16            5)   ( 2          2) -   00011       3
   255 : 1      (1          00)    (16            5)   ( 2          2) -   00011       3
   261 : 1      (1          00)    (16            5)   ( 2          2) -   00011       3
   267 : 0      (1          00)    (15            5)   ( 2          2) -   00011       3
   273 : 0      (1          00)    (15            5)   ( 2          2) -   00011       3
   279 : 1      (1          00)    (16            5)   ( 2          2) -   00011       3
   285 : 1      (1          01)    (16           14)   ( 3          3) -   00010       2
   291 : 1      (1          02)    (16           13)   ( 4          4) -   00110       6
   297 : 1      (1          03)    (16           12)   ( 5          5) -   00111       7
   303 : 1      (1          04)    (16           11)   ( 6          6) -   00101       5
   309 : 0      (1          05)    (15           10)   ( 7          7) -   00100       4
   315 : 0      (1          06)    (15            9)   ( 8          8) -   01100      12
   321 : 0      (1          07)    (14            8)   ( 9          9) -   01101      13
   327 : 0      (1          08)    (13            7)   (10         10) -   01111      15
   333 : 0      (1          09)    (13            6)   (11         11) -   01110      14
   339 : 0      (1          0a)    (13            5)   (12         12) -   01010      10
   345 : 0      (1          0b)    (13            4)   (13         13) -   01011      11
   351 : 0      (1          0c)    (11            3)   (14         14) -   01001       9
   357 : 0      (1          0d)    ( 6            2)   (15         15) -   01000       8
   363 : 0      (1          0e)    ( 6            1)   ( 0         16) -   11000      24
   369 : 0      (1          0f)    ( 6            0)   ( 1         17) -   11001      25
   375 : 0      (0          0f)    ( 6            0)   ( 1         17) -   11001      25
   381 : 0      (0          0f)    ( 5            0)   ( 1         17) -   11001      25
   387 : 0      (0          0f)    ( 4            0)   ( 1         17) -   11001      25
   393 : 0      (0          0f)    ( 4            0)   ( 1         17) -   11001      25
   399 : 0      (0          0f)    ( 5            0)   ( 1         17) -   11001      25
   405 : 0      (0          0f)    ( 5            0)   ( 1         17) -   11001      25
   411 : 0      (0          0f)    ( 6            0)   ( 1         17) -   11001      25
   417 : 0      (0          0f)    ( 7            0)   ( 1         17) -   11001      25
   423 : 0      (0          0f)    ( 7            0)   ( 1         17) -   11001      25
   429 : 0      (0          0f)    ( 8            0)   ( 1         17) -   11001      25
   435 : 0      (0          0f)    ( 8            0)   ( 1         17) -   11001      25
   441 : 0      (0          0f)    ( 9            0)   ( 1         17) -   11001      25
   447 : 0      (0          0f)    (10            0)   ( 1         17) -   11001      25
   453 : 0      (0          0f)    (10            0)   ( 1         17) -   11001      25
   459 : 0      (0          0f)    (11            0)   ( 1         17) -   11001      25
   465 : 0      (0          0f)    (11            0)   ( 1         17) -   11001      25
   471 : 0      (0          0f)    (12            0)   ( 1         17) -   11001      25
   477 : 0      (0          0f)    (13            0)   ( 1         17) -   11001      25
   483 : 0      (0          0f)    (13            0)   ( 1         17) -   11001      25
   489 : 0      (0          0f)    (14            0)   ( 1         17) -   11001      25
   495 : 0      (0          0f)    (14           10)   ( 1         17) -   11001      25
   501 : 0      (1          10)    (15            9)   ( 2         18) -   11011      27
   507 : 0      (1          11)    (15            8)   ( 3         19) -   11010      26
   513 : 0      (1          12)    (15            7)   ( 4         20) -   11110      30
   519 : 0      (1          13)    (10            6)   ( 5         21) -   11111      31
   525 : 0      (1          14)    (10            5)   ( 6         22) -   11101      29
   531 : 0      (1          15)    ( 8            4)   ( 7         23) -   11100      28
   537 : 0      (1          16)    ( 6            3)   ( 8         24) -   10100      20
   543 : 0      (1          17)    ( 6            2)   ( 9         25) -   10101      21
   549 : 0      (1          18)    ( 5            1)   (10         26) -   10111      23
   555 : 0      (1          19)    ( 5            0)   (11         27) -   10110      22
   561 : 0      (0          19)    ( 3            0)   (11         27) -   10110      22
   567 : 0      (0          19)    ( 1            0)   (11         27) -   10110      22
   573 : 0      (0          19)    ( 1            0)   (11         27) -   10110      22
   579 : 0      (0          19)    ( 0            0)   (11         27) -   10110      22
   585 : 0      (0          19)    ( 0            0)   (11         27) -   10110      22
   591 : 0      (0          19)    ( 0            0)   (11         27) -   10110      22
   597 : 0      (0          19)    ( 0            0)   (11         27) -   10110      22
   603 : 0      (0          19)    ( 0            0)   (11         27) -   10110      22
   609 : 0      (0          19)    ( 1            0)   (11         27) -   10110      22
   615 : 0      (0          19)    ( 1            0)   (11         27) -   10110      22
   621 : 0      (0          19)    ( 2            0)   (11         27) -   10110      22
   627 : 0      (0          19)    ( 2            0)   (11         27) -   10110      22
   633 : 0      (0          19)    ( 2            0)   (11         27) -   10110      22
   639 : 0      (0          19)    ( 2            0)   (11         27) -   10110      22
   645 : 0      (0          19)    ( 2            0)   (11         27) -   10110      22
   651 : 0      (0          19)    ( 2            0)   (11         27) -   10110      22
   657 : 0      (0          19)    ( 3            0)   (11         27) -   10110      22
   663 : 0      (0          19)    ( 3            2)   (11         27) -   10110      22
   669 : 0      (0          19)    ( 4            2)   (11         27) -   10110      22
   675 : 0      (0          19)    ( 4            2)   (11         27) -   10110      22
   681 : 0      (0          19)    ( 5            2)   (11         27) -   10110      22
   687 : 0      (0          19)    ( 6            2)   (11         27) -   10110      22
   693 : 0      (0          19)    ( 6            2)   (11         27) -   10110      22
   699 : 0      (0          19)    ( 7            2)   (11         27) -   10110      22
   705 : 0      (0          19)    ( 7            2)   (11         27) -   10110      22
   711 : 0      (0          19)    ( 7            2)   (11         27) -   10110      22
   717 : 0      (0          19)    ( 8            4)   (11         27) -   10110      22
   723 : 0      (0          19)    ( 8            4)   (11         27) -   10110      22
   729 : 0      (0          19)    ( 9            4)   (11         27) -   10110      22
   735 : 0      (0          19)    ( 9            4)   (11         27) -   10110      22
   741 : 0      (0          19)    (10            4)   (11         27) -   10110      22
   747 : 0      (0          19)    (10            7)   (11         27) -   10110      22
   753 : 0      (0          19)    (10            7)   (11         27) -   10110      22
   759 : 0      (0          19)    (10            7)   (11         27) -   10110      22
   765 : 0      (1          1a)    (10            6)   (12         28) -   10010      18
   771 : 0      (1          1a)    (10            6)   (12         28) -   10010      18
   777 : 0      (1          1b)    (10            5)   (13         29) -   10011      19
   783 : 0      (1          1b)    (10            8)   (13         29) -   10011      19
   789 : 0      (1          1c)    ( 9            7)   (14         30) -   10001      17
   795 : 0      (1          1d)    ( 9            6)   (15         31) -   10000      16
   801 : 0      (1          1e)    ( 8            5)   ( 0          0) -   00000       0
   807 : 0      (1          1f)    ( 7            4)   ( 1          1) -   00001       1
   813 : 0      (1          20)    ( 7            3)   ( 2          2) -   00011       3
   819 : 0      (1          21)    ( 6            2)   ( 3          3) -   00010       2
   825 : 0      (1          22)    ( 6            1)   ( 4          4) -   00110       6
   831 : 0      (1          23)    ( 4            0)   ( 5          5) -   00111       7
   837 : 0      (0          23)    ( 2            0)   ( 5          5) -   00111       7
   843 : 0      (0          23)    ( 2            0)   ( 5          5) -   00111       7
   849 : 0      (0          23)    ( 1            0)   ( 5          5) -   00111       7
   855 : 0      (0          23)    ( 1            0)   ( 5          5) -   00111       7
   861 : 0      (0          23)    ( 0            0)   ( 5          5) -   00111       7
   867 : 0      (0          23)    ( 0            0)   ( 5          5) -   00111       7
   873 : 0      (0          23)    ( 0            0)   ( 5          5) -   00111       7
   879 : 0      (0          23)    ( 0            0)   ( 5          5) -   00111       7
