Block Memory Generator CORE Generator module testbench.dut.dpram_xlx_inst.inst.blk_mem_gen_v4_3_inst is using a behavioral model for simulation which will not precisely model memory collision behavior.
VCD info: dumpfile fifo.dump opened for output.

  Time : w_full (r_valid, dout) (w_counter, r_counter) (r_addr, rbin2) - (rptr-b, rptr-d)
     3 : 0      (0          00)    ( 0            0)   ( 0          6) -   00101       5
     9 : 0      (0          00)    ( 0            0)   ( 0          6) -   00101       5
    15 : 0      (0          00)    ( 0            0)   ( 0          6) -   00101       5
    21 : 0      (0          00)    ( 2            0)   ( 0          6) -   00101       5
    27 : 0      (0          00)    ( 3            0)   ( 0          6) -   00101       5
    33 : 0      (0          00)    ( 3            0)   ( 0          6) -   00101       5
    39 : 0      (0          00)    ( 4            0)   ( 0          6) -   00101       5
    45 : 0      (0          00)    ( 4            0)   ( 0          6) -   00101       5
    51 : 0      (0          00)    ( 5            0)   ( 0          6) -   00101       5
    57 : 0      (0          00)    ( 6            0)   ( 0          6) -   00101       5
    63 : 0      (0          00)    ( 6            0)   ( 0          6) -   00101       5
    69 : 0      (0          00)    ( 7            0)   ( 0          6) -   00101       5
    75 : 0      (0          00)    ( 7            0)   ( 0          6) -   00101       5
    81 : 0      (0          00)    ( 8            0)   ( 0          6) -   00101       5
    87 : 0      (0          00)    ( 9            0)   ( 0          6) -   00101       5
    93 : 0      (0          00)    ( 9            0)   ( 0          6) -   00101       5
    99 : 1      (0          00)    (10            0)   ( 0          6) -   00101       5
   105 : 1      (0          00)    (10            0)   ( 0          6) -   00101       5
   111 : 1      (0          00)    (10            0)   ( 0          6) -   00101       5
   117 : 1      (0          00)    (10            7)   ( 0          6) -   00101       5
   123 : 1      (1          f1)    (10            6)   ( 1          7) -   00100       4
data mismatched at time 123.000 : dout = f1, expected = 00
   129 : 1      (1          10)    (10            5)   ( 2          8) -   01100      12
data mismatched at time 129.000 : dout = 10, expected = f2
   135 : 1      (1          11)    (10            4)   ( 3          9) -   01101      13
   141 : 1      (1          12)    (10            3)   ( 4         10) -   01111      15
   147 : 0      (1          13)    ( 8            2)   ( 5         11) -   01110      14
   153 : 0      (1          14)    ( 8            1)   ( 6         12) -   01010      10
   159 : 0      (1          15)    ( 8            0)   ( 7         13) -   01011      11
   165 : 0      (0          15)    ( 8            0)   ( 7         13) -   01011      11
   171 : 0      (0          15)    ( 7            0)   ( 7         13) -   01011      11
   177 : 0      (0          15)    ( 6            0)   ( 7         13) -   01011      11
   183 : 0      (0          15)    ( 6            0)   ( 7         13) -   01011      11
   189 : 0      (0          15)    ( 7            0)   ( 7         13) -   01011      11
   195 : 0      (0          15)    ( 7            0)   ( 7         13) -   01011      11
   201 : 0      (0          15)    ( 8            0)   ( 7         13) -   01011      11
   207 : 0      (0          15)    ( 9            0)   ( 7         13) -   01011      11
   213 : 0      (0          15)    ( 9            0)   ( 7         13) -   01011      11
   219 : 1      (0          15)    (10            0)   ( 7         13) -   01011      11
   225 : 1      (0          15)    (10            6)   ( 7         13) -   01011      11
   231 : 1      (1          f2)    (10            5)   ( 8         14) -   01001       9
data mismatched at time 231.000 : dout = f2, expected = 16
   237 : 1      (1          20)    (10            4)   ( 9         15) -   01000       8
data mismatched at time 237.000 : dout = 20, expected = f3
   243 : 1      (1          21)    (10            3)   ( 0         16) -   11000      24
   249 : 1      (1          22)    (10            2)   ( 1         17) -   11001      25
   255 : 1      (1          23)    (10            1)   ( 2         18) -   11011      27
   261 : 0      (1          24)    ( 8            0)   ( 3         19) -   11010      26
   267 : 0      (0          24)    ( 7            0)   ( 3         19) -   11010      26
   273 : 0      (0          24)    ( 7            0)   ( 3         19) -   11010      26
   279 : 0      (0          24)    ( 7            0)   ( 3         19) -   11010      26
   285 : 0      (0          24)    ( 7            0)   ( 3         19) -   11010      26
   291 : 0      (0          24)    ( 6            0)   ( 3         19) -   11010      26
   297 : 0      (0          24)    ( 2            0)   ( 3         19) -   11010      26
   303 : 0      (0          24)    ( 2            0)   ( 3         19) -   11010      26
   309 : 0      (0          24)    ( 3            0)   ( 3         19) -   11010      26
   315 : 0      (0          24)    ( 3            0)   ( 3         19) -   11010      26
   321 : 0      (0          24)    ( 4            0)   ( 3         19) -   11010      26
   327 : 0      (0          24)    ( 5            0)   ( 3         19) -   11010      26
   333 : 0      (0          24)    ( 5            0)   ( 3         19) -   11010      26
   339 : 0      (0          24)    ( 6            0)   ( 3         19) -   11010      26
   345 : 0      (0          24)    ( 6            0)   ( 3         19) -   11010      26
   351 : 0      (0          24)    ( 7            0)   ( 3         19) -   11010      26
   357 : 0      (0          24)    ( 8            0)   ( 3         19) -   11010      26
   363 : 0      (0          24)    ( 8            0)   ( 3         19) -   11010      26
   369 : 0      (0          24)    ( 8            0)   ( 3         19) -   11010      26
   375 : 0      (0          24)    ( 8            0)   ( 3         19) -   11010      26
   381 : 0      (0          24)    ( 9            0)   ( 3         19) -   11010      26
   387 : 1      (0          24)    (10            0)   ( 3         19) -   11010      26
   393 : 1      (0          24)    (10            0)   ( 3         19) -   11010      26
   399 : 1      (0          24)    (10            0)   ( 3         19) -   11010      26
   405 : 1      (0          24)    (10            0)   ( 3         19) -   11010      26
   411 : 1      (0          24)    (10            0)   ( 3         19) -   11010      26
   417 : 1      (0          24)    (10            8)   ( 3         19) -   11010      26
   423 : 1      (1          f4)    (10            7)   ( 4         20) -   11110      30
data mismatched at time 423.000 : dout = f4, expected = 25
   429 : 1      (1          40)    (10            6)   ( 5         21) -   11111      31
data mismatched at time 429.000 : dout = 40, expected = f5
   435 : 1      (1          41)    (10            5)   ( 6         22) -   11101      29
   441 : 1      (1          42)    (10            4)   ( 7         23) -   11100      28
   447 : 0      (1          43)    ( 8            3)   ( 8         24) -   10100      20
   453 : 0      (1          44)    ( 8            2)   ( 9         25) -   10101      21
   459 : 0      (1          45)    ( 8            1)   ( 0          6) -   00101       5
   465 : 0      (1          46)    ( 8            0)   ( 1          7) -   00100       4
   471 : 0      (0          46)    ( 7            0)   ( 1          7) -   00100       4
   477 : 0      (0          46)    ( 6            0)   ( 1          7) -   00100       4
   483 : 0      (0          46)    ( 6            0)   ( 1          7) -   00100       4
   489 : 0      (0          46)    ( 5            0)   ( 1          7) -   00100       4
   495 : 0      (0          46)    ( 5            0)   ( 1          7) -   00100       4
   501 : 0      (0          46)    ( 6            0)   ( 1          7) -   00100       4
   507 : 0      (0          46)    ( 6            0)   ( 1          7) -   00100       4
   513 : 0      (0          46)    ( 6            0)   ( 1          7) -   00100       4
   519 : 0      (0          46)    ( 6            0)   ( 1          7) -   00100       4
   525 : 0      (0          46)    ( 6            0)   ( 1          7) -   00100       4
   531 : 0      (0          46)    ( 6            0)   ( 1          7) -   00100       4
   537 : 0      (0          46)    ( 6            5)   ( 1          7) -   00100       4
   543 : 0      (1          f5)    ( 6            4)   ( 2          8) -   01100      12
data mismatched at time 543.000 : dout = f5, expected = 47
   549 : 0      (1          50)    ( 6            3)   ( 3          9) -   01101      13
data mismatched at time 549.000 : dout = 50, expected = f6
   555 : 0      (1          51)    ( 6            2)   ( 4         10) -   01111      15
   561 : 0      (1          52)    ( 6            1)   ( 5         11) -   01110      14
   567 : 0      (1          53)    ( 4            0)   ( 6         12) -   01010      10
   573 : 0      (0          53)    ( 4            0)   ( 6         12) -   01010      10
   579 : 0      (0          53)    ( 3            0)   ( 6         12) -   01010      10
   585 : 0      (0          53)    ( 3            0)   ( 6         12) -   01010      10
   591 : 0      (0          53)    ( 1            0)   ( 6         12) -   01010      10
   597 : 0      (0          53)    ( 1            0)   ( 6         12) -   01010      10
