Block Memory Generator CORE Generator module testbench.dut.dpram_xlx_inst.inst.blk_mem_gen_v4_3_inst is using a behavioral model for simulation which will not precisely model memory collision behavior.
VCD info: dumpfile fifo.dump opened for output.

  Time : w_full (r_valid, dout) (w_counter, r_counter) (r_addr, rbin2) - (rptr-b, rptr-d)
     3 : 0      (0          00)    ( 0            0)   ( 0          6) -   00101       5
     9 : 0      (0          00)    ( 0            0)   ( 0          6) -   00101       5
    15 : 0      (0          00)    ( 0            0)   ( 0          6) -   00101       5
    21 : 0      (0          00)    ( 1            0)   ( 0          6) -   00101       5
    27 : 0      (0          00)    ( 2            0)   ( 0          6) -   00101       5
    33 : 0      (0          00)    ( 2            0)   ( 0          6) -   00101       5
    39 : 0      (0          00)    ( 3            0)   ( 0          6) -   00101       5
    45 : 0      (0          00)    ( 3            0)   ( 0          6) -   00101       5
    51 : 0      (0          00)    ( 4            0)   ( 0          6) -   00101       5
    57 : 0      (0          00)    ( 5            0)   ( 0          6) -   00101       5
    63 : 0      (0          00)    ( 5            0)   ( 0          6) -   00101       5
    69 : 0      (0          00)    ( 6            0)   ( 0          6) -   00101       5
    75 : 0      (0          00)    ( 6            0)   ( 0          6) -   00101       5
    81 : 0      (0          00)    ( 7            0)   ( 0          6) -   00101       5
    87 : 0      (0          00)    ( 8            0)   ( 0          6) -   00101       5
    93 : 0      (0          00)    ( 8            0)   ( 0          6) -   00101       5
    99 : 0      (0          00)    ( 9            0)   ( 0          6) -   00101       5
   105 : 0      (0          00)    ( 9            0)   ( 0          6) -   00101       5
   111 : 0      (0          00)    ( 9            0)   ( 0          6) -   00101       5
   117 : 0      (0          00)    ( 8            0)   ( 0          6) -   00101       5
   123 : 0      (0          00)    ( 8            7)   ( 0          6) -   00101       5
   129 : 0      (1          ff)    ( 9            6)   ( 1          7) -   00100       4
data mismatched at time 129.000 : dout = ff, expected = 00
   135 : 0      (1          ff)    ( 9            6)   ( 1          7) -   00100       4
   141 : 1      (1          ff)    (10            6)   ( 1          7) -   00100       4
   147 : 0      (1          00)    ( 9            5)   ( 2          8) -   01100      12
   153 : 0      (1          00)    ( 9            5)   ( 2          8) -   01100      12
   159 : 1      (1          00)    (10            5)   ( 2          8) -   01100      12
   165 : 1      (1          01)    (10            4)   ( 3          9) -   01101      13
   171 : 0      (1          01)    ( 9            4)   ( 3          9) -   01101      13
   177 : 1      (1          01)    (10            4)   ( 3          9) -   01101      13
   183 : 1      (1          01)    (10            4)   ( 3          9) -   01101      13
   189 : 0      (1          02)    ( 9            3)   ( 4         10) -   01111      15
   195 : 0      (1          03)    ( 9            2)   ( 5         11) -   01110      14
   201 : 1      (1          04)    (10            1)   ( 6         12) -   01010      10
   207 : 0      (1          05)    ( 9            0)   ( 7         13) -   01011      11
   213 : 0      (0          05)    ( 9            0)   ( 7         13) -   01011      11
   219 : 0      (0          05)    ( 9            0)   ( 7         13) -   01011      11
   225 : 0      (0          05)    ( 9            0)   ( 7         13) -   01011      11
   231 : 0      (0          05)    ( 8            0)   ( 7         13) -   01011      11
   237 : 0      (0          05)    ( 9            0)   ( 7         13) -   01011      11
   243 : 0      (0          05)    ( 9            0)   ( 7         13) -   01011      11
   249 : 1      (0          05)    (10            0)   ( 7         13) -   01011      11
   255 : 1      (0          05)    (10            0)   ( 7         13) -   01011      11
   261 : 1      (0          05)    (10            0)   ( 7         13) -   01011      11
   267 : 1      (0          05)    (10            0)   ( 7         13) -   01011      11
   273 : 1      (0          05)    (10            8)   ( 7         13) -   01011      11
   279 : 1      (1          06)    (10            7)   ( 8         14) -   01001       9
   285 : 1      (1          07)    (10            6)   ( 9         15) -   01000       8
   291 : 1      (1          08)    (10            5)   ( 0         16) -   11000      24
   297 : 0      (1          09)    ( 9            4)   ( 1         17) -   11001      25
   303 : 0      (1          0a)    ( 9            3)   ( 2         18) -   11011      27
   309 : 0      (1          0b)    ( 9            2)   ( 3         19) -   11010      26
   315 : 0      (1          0c)    ( 9            1)   ( 4         20) -   11110      30
   321 : 0      (1          0d)    ( 8            0)   ( 5         21) -   11111      31
   327 : 0      (0          0d)    ( 7            0)   ( 5         21) -   11111      31
   333 : 0      (0          0d)    ( 7            0)   ( 5         21) -   11111      31
   339 : 0      (0          0d)    ( 6            0)   ( 5         21) -   11111      31
   345 : 0      (0          0d)    ( 6            0)   ( 5         21) -   11111      31
   351 : 0      (0          0d)    ( 1            0)   ( 5         21) -   11111      31
   357 : 0      (0          0d)    ( 2            0)   ( 5         21) -   11111      31
   363 : 0      (0          0d)    ( 2            0)   ( 5         21) -   11111      31
   369 : 0      (0          0d)    ( 3            0)   ( 5         21) -   11111      31
   375 : 0      (0          0d)    ( 3            0)   ( 5         21) -   11111      31
   381 : 0      (0          0d)    ( 4            0)   ( 5         21) -   11111      31
   387 : 0      (0          0d)    ( 5            0)   ( 5         21) -   11111      31
   393 : 0      (0          0d)    ( 5            0)   ( 5         21) -   11111      31
   399 : 0      (0          0d)    ( 6            0)   ( 5         21) -   11111      31
   405 : 0      (0          0d)    ( 6            0)   ( 5         21) -   11111      31
   411 : 0      (0          0d)    ( 7            0)   ( 5         21) -   11111      31
   417 : 0      (0          0d)    ( 8            0)   ( 5         21) -   11111      31
   423 : 0      (0          0d)    ( 8            0)   ( 5         21) -   11111      31
   429 : 0      (0          0d)    ( 9            0)   ( 5         21) -   11111      31
   435 : 0      (0          0d)    ( 9            0)   ( 5         21) -   11111      31
   441 : 1      (0          0d)    (10            0)   ( 5         21) -   11111      31
   447 : 1      (0          0d)    (10            0)   ( 5         21) -   11111      31
   453 : 1      (0          0d)    (10            0)   ( 5         21) -   11111      31
   459 : 1      (0          0d)    (10            0)   ( 5         21) -   11111      31
   465 : 1      (0          0d)    (10            0)   ( 5         21) -   11111      31
   471 : 1      (0          0d)    (10            0)   ( 5         21) -   11111      31
   477 : 1      (0          0d)    (10            0)   ( 5         21) -   11111      31
   483 : 1      (0          0d)    (10           10)   ( 5         21) -   11111      31
   489 : 1      (1          0e)    (10            9)   ( 6         22) -   11101      29
   495 : 1      (1          0f)    (10            8)   ( 7         23) -   11100      28
   501 : 1      (1          10)    (10            7)   ( 8         24) -   10100      20
   507 : 0      (1          11)    ( 9            6)   ( 9         25) -   10101      21
   513 : 0      (1          12)    ( 9            5)   ( 0          6) -   00101       5
   519 : 0      (1          13)    ( 8            4)   ( 1          7) -   00100       4
   525 : 0      (1          14)    ( 8            3)   ( 2          8) -   01100      12
   531 : 0      (1          15)    ( 6            2)   ( 3          9) -   01101      13
   537 : 0      (1          16)    ( 4            1)   ( 4         10) -   01111      15
   543 : 0      (1          17)    ( 4            0)   ( 5         11) -   01110      14
   549 : 0      (0          17)    ( 3            0)   ( 5         11) -   01110      14
   555 : 0      (0          17)    ( 3            0)   ( 5         11) -   01110      14
   561 : 0      (0          17)    ( 1            0)   ( 5         11) -   01110      14
   567 : 0      (0          17)    ( 0            0)   ( 5         11) -   01110      14
   573 : 0      (0          17)    ( 0            0)   ( 5         11) -   01110      14
   579 : 0      (0          17)    ( 0            0)   ( 5         11) -   01110      14
   585 : 0      (0          17)    ( 0            0)   ( 5         11) -   01110      14
   591 : 0      (0          17)    ( 0            0)   ( 5         11) -   01110      14
   597 : 0      (0          17)    ( 1            0)   ( 5         11) -   01110      14
   603 : 0      (0          17)    ( 1            0)   ( 5         11) -   01110      14
   609 : 0      (0          17)    ( 2            0)   ( 5         11) -   01110      14
   615 : 0      (0          17)    ( 2            0)   ( 5         11) -   01110      14
   621 : 0      (0          17)    ( 2            0)   ( 5         11) -   01110      14
   627 : 0      (0          17)    ( 2            0)   ( 5         11) -   01110      14
   633 : 0      (0          17)    ( 2            0)   ( 5         11) -   01110      14
   639 : 0      (0          17)    ( 2            0)   ( 5         11) -   01110      14
   645 : 0      (0          17)    ( 2            0)   ( 5         11) -   01110      14
   651 : 0      (0          17)    ( 2            0)   ( 5         11) -   01110      14
   657 : 0      (0          17)    ( 2            2)   ( 5         11) -   01110      14
   663 : 0      (1          18)    ( 2            1)   ( 6         12) -   01010      10
   669 : 0      (1          19)    ( 2            0)   ( 7         13) -   01011      11
   675 : 0      (1          19)    ( 2            0)   ( 7         13) -   01011      11
   681 : 0      (1          19)    ( 2            0)   ( 7         13) -   01011      11
   687 : 0      (1          19)    ( 0            0)   ( 7         13) -   01011      11
   693 : 0      (1          19)    ( 0            0)   ( 7         13) -   01011      11
   699 : 0      (1          19)    ( 1            0)   ( 7         13) -   01011      11
   705 : 0      (1          19)    ( 1            0)   ( 7         13) -   01011      11
   711 : 0      (1          19)    ( 2            0)   ( 7         13) -   01011      11
   717 : 0      (1          19)    ( 3            0)   ( 7         13) -   01011      11
   723 : 0      (1          19)    ( 3            0)   ( 7         13) -   01011      11
   729 : 0      (1          19)    ( 3            0)   ( 7         13) -   01011      11
   735 : 0      (1          19)    ( 3            0)   ( 7         13) -   01011      11
   741 : 0      (1          19)    ( 4            0)   ( 7         13) -   01011      11
   747 : 0      (1          19)    ( 5            0)   ( 7         13) -   01011      11
   753 : 0      (1          19)    ( 5            0)   ( 7         13) -   01011      11
   759 : 0      (1          19)    ( 5            3)   ( 7         13) -   01011      11
   765 : 0      (1          1a)    ( 5            2)   ( 8         14) -   01001       9
   771 : 0      (1          1a)    ( 5            2)   ( 8         14) -   01001       9
   777 : 0      (1          1b)    ( 5            1)   ( 9         15) -   01000       8
   783 : 0      (1          1b)    ( 5            1)   ( 9         15) -   01000       8
   789 : 0      (1          1c)    ( 4            0)   ( 0         16) -   11000      24
   795 : 0      (0          1c)    ( 4            2)   ( 0         16) -   11000      24
   801 : 0      (1          1d)    ( 3            1)   ( 1         17) -   11001      25
   807 : 0      (1          1e)    ( 2            0)   ( 2         18) -   11011      27
   813 : 0      (0          1e)    ( 2            0)   ( 2         18) -   11011      27
   819 : 0      (0          1e)    ( 2            0)   ( 2         18) -   11011      27
   825 : 0      (0          1e)    ( 2            0)   ( 2         18) -   11011      27
   831 : 0      (0          1e)    ( 0            0)   ( 2         18) -   11011      27
   837 : 0      (0          1e)    ( 0            0)   ( 2         18) -   11011      27
   843 : 0      (0          1e)    ( 0            0)   ( 2         18) -   11011      27
   849 : 0      (0          1e)    ( 0            0)   ( 2         18) -   11011      27
   855 : 0      (0          1e)    ( 0            0)   ( 2         18) -   11011      27
   861 : 0      (0          1e)    ( 0            0)   ( 2         18) -   11011      27
   867 : 0      (0          1e)    ( 0            0)   ( 2         18) -   11011      27
   873 : 0      (0          1e)    ( 0            0)   ( 2         18) -   11011      27
   879 : 0      (0          1e)    ( 0            0)   ( 2         18) -   11011      27
